Line 442: Class MSComctlLib.Slider of control Slider2 was not a loaded control class.
Line 457: Class MSComctlLib.Slider of control Slider1 was not a loaded control class.
Line 473: Class MSComctlLib.Slider of control Slider1 was not a loaded control class.
Line 489: Class MSComctlLib.Slider of control Slider1 was not a loaded control class.
Line 505: Class MSComctlLib.Slider of control Slider1 was not a loaded control class.
Line 521: Class MSComctlLib.Slider of control Slider1 was not a loaded control class.
Line 537: Class MSComctlLib.Slider of control Slider1 was not a loaded control class.
Line 553: Class MSComctlLib.Slider of control Slider2 was not a loaded control class.
Line 568: Class MSComctlLib.Slider of control Slider2 was not a loaded control class.
Line 583: Class MSComctlLib.Slider of control Slider2 was not a loaded control class.
Line 1158: Class MSComctlLib.Slider of control speed was not a loaded control class.
Line 1274: Class MSComDlg.CommonDialog of control CommonDialog1 was not a loaded control class.
Line 450: The property name _ExtentX in Slider2 is invalid.
Line 451: The property name _ExtentY in Slider2 is invalid.
Line 452: The property name _Version in Slider2 is invalid.
Line 453: The property name Max in Slider2 is invalid.
Line 454: The property name SelStart in Slider2 is invalid.
Line 455: The property name Value in Slider2 is invalid.
Line 465: The property name _ExtentX in Slider1 is invalid.
Line 466: The property name _ExtentY in Slider1 is invalid.
Line 467: The property name _Version in Slider1 is invalid.
Line 468: The property name Orientation in Slider1 is invalid.
Line 469: The property name Max in Slider1 is invalid.
Line 470: The property name SelStart in Slider1 is invalid.
Line 471: The property name Value in Slider1 is invalid.
Line 481: The property name _ExtentX in Slider1 is invalid.
Line 482: The property name _ExtentY in Slider1 is invalid.
Line 483: The property name _Version in Slider1 is invalid.
Line 484: The property name Orientation in Slider1 is invalid.
Line 485: The property name Max in Slider1 is invalid.
Line 486: The property name SelStart in Slider1 is invalid.
Line 487: The property name Value in Slider1 is invalid.
Line 497: The property name _ExtentX in Slider1 is invalid.
Line 498: The property name _ExtentY in Slider1 is invalid.
Line 499: The property name _Version in Slider1 is invalid.
Line 500: The property name Orientation in Slider1 is invalid.
Line 501: The property name Max in Slider1 is invalid.
Line 502: The property name SelStart in Slider1 is invalid.
Line 503: The property name Value in Slider1 is invalid.
Line 513: The property name _ExtentX in Slider1 is invalid.
Line 514: The property name _ExtentY in Slider1 is invalid.
Line 515: The property name _Version in Slider1 is invalid.
Line 516: The property name Orientation in Slider1 is invalid.
Line 517: The property name Max in Slider1 is invalid.
Line 518: The property name SelStart in Slider1 is invalid.
Line 519: The property name Value in Slider1 is invalid.
Line 529: The property name _ExtentX in Slider1 is invalid.
Line 530: The property name _ExtentY in Slider1 is invalid.
Line 531: The property name _Version in Slider1 is invalid.
Line 532: The property name Orientation in Slider1 is invalid.
Line 533: The property name Max in Slider1 is invalid.
Line 534: The property name SelStart in Slider1 is invalid.
Line 535: The property name Value in Slider1 is invalid.
Line 545: The property name _ExtentX in Slider1 is invalid.
Line 546: The property name _ExtentY in Slider1 is invalid.
Line 547: The property name _Version in Slider1 is invalid.
Line 548: The property name Orientation in Slider1 is invalid.
Line 549: The property name Max in Slider1 is invalid.
Line 550: The property name SelStart in Slider1 is invalid.
Line 551: The property name Value in Slider1 is invalid.
Line 561: The property name _ExtentX in Slider2 is invalid.
Line 562: The property name _ExtentY in Slider2 is invalid.
Line 563: The property name _Version in Slider2 is invalid.
Line 565: The property name Max in Slider2 is invalid.
Line 566: The property name Value in Slider2 is invalid.
Line 576: The property name _ExtentX in Slider2 is invalid.
Line 577: The property name _ExtentY in Slider2 is invalid.
Line 578: The property name _Version in Slider2 is invalid.
Line 579: The property name Max in Slider2 is invalid.
Line 580: The property name SelStart in Slider2 is invalid.
Line 581: The property name Value in Slider2 is invalid.
Line 591: The property name _ExtentX in Slider2 is invalid.
Line 592: The property name _ExtentY in Slider2 is invalid.
Line 593: The property name _Version in Slider2 is invalid.
Line 594: The property name Max in Slider2 is invalid.
Line 595: The property name SelStart in Slider2 is invalid.
Line 596: The property name Value in Slider2 is invalid.
Line 1164: The property name _ExtentX in speed is invalid.
Line 1165: The property name _ExtentY in speed is invalid.
Line 1166: The property name _Version in speed is invalid.
Line 1167: The property name Min in speed is invalid.
Line 1168: The property name Max in speed is invalid.
Line 1169: The property name SelStart in speed is invalid.
Line 1170: The property name Value in speed is invalid.
Line 1277: The property name _ExtentX in CommonDialog1 is invalid.
Line 1278: The property name _ExtentY in CommonDialog1 is invalid.
Line 1279: The property name _Version in CommonDialog1 is invalid.
